Build started 2013/7/30 下午 05:09:52.
     1>Project "D:\work\gap_verification\gap_verification\gap_verification.vcxproj" on node 2 (Rebuild target(s)).
     1>_PrepareForClean:
         Deleting file "Debug\gap_verification.lastbuildstate".
       InitializeBuildStatus:
         Touching "Debug\gap_verification.unsuccessfulbuild".
       ClCompile:
         C:\Program Files (x86)\Microsoft Visual Studio 11.0\VC\bin\CL.exe /c /ZI /nologo /W3 /WX- /Od /Oy- /D _MBCS /Gm /EHsc /RTC1 /MDd /GS /fp:precise /Zc:wchar_t /Zc:forScope /Fo"Debug\\" /Fd"Debug\vc110.pdb" /Gd /TP /analyze- /errorReport:prompt group.cpp main.cpp
         main.cpp
     1>d:\work\gap_verification\gap_verification\main.cpp(79): warning C4018: '<' : signed/unsigned mismatch
     1>d:\work\gap_verification\gap_verification\main.cpp(82): warning C4018: '<' : signed/unsigned mismatch
     1>d:\work\gap_verification\gap_verification\main.cpp(99): warning C4018: '<' : signed/unsigned mismatch
     1>d:\work\gap_verification\gap_verification\main.cpp(152): warning C4018: '<' : signed/unsigned mismatch
     1>d:\work\gap_verification\gap_verification\main.cpp(154): warning C4018: '<' : signed/unsigned mismatch
         group.cpp
         Generating Code...
       Link:
         C:\Program Files (x86)\Microsoft Visual Studio 11.0\VC\bin\link.exe /ERRORREPORT:PROMPT /OUT:"D:\work\gap_verification\Debug\gap_verification.exe" /INCREMENTAL /NOLOGO kernel32.lib user32.lib gdi32.lib winspool.lib comdlg32.lib advapi32.lib shell32.lib ole32.lib oleaut32.lib uuid.lib odbc32.lib odbccp32.lib /MANIFEST /MANIFESTUAC:"level='asInvoker' uiAccess='false'" /manifest:embed /DEBUG /PDB:"D:\work\gap_verification\Debug\gap_verification.pdb" /TLBID:1 /DYNAMICBASE /NXCOMPAT /IMPLIB:"D:\work\gap_verification\Debug\gap_verification.lib" /MACHINE:X86 Debug\group.obj
         Debug\main.obj
         gap_verification.vcxproj -> D:\work\gap_verification\Debug\gap_verification.exe
       FinalizeBuildStatus:
         Deleting file "Debug\gap_verification.unsuccessfulbuild".
         Touching "Debug\gap_verification.lastbuildstate".
     1>Done Building Project "D:\work\gap_verification\gap_verification\gap_verification.vcxproj" (Rebuild target(s)).

Build succeeded.

Time Elapsed 00:00:03.48
