D:\WORK\GAP_VERIFICATION\GAP_VERIFICATION\DEBUG\GROUP.OBJ
D:\WORK\GAP_VERIFICATION\GAP_VERIFICATION\DEBUG\MAIN.OBJ
D:\WORK\GAP_VERIFICATION\GAP_VERIFICATION\DEBUG\VC100.PDB
D:\WORK\GAP_VERIFICATION\GAP_VERIFICATION\DEBUG\VC110.PDB
D:\WORK\GAP_VERIFICATION\DEBUG\GAP_VERIFICATION.EXE
D:\work\gap_verification\gap_verification\Debug\group.obj
D:\work\gap_verification\gap_verification\Debug\main.obj
D:\work\gap_verification\gap_verification\Debug\cl.command.1.tlog
D:\work\gap_verification\gap_verification\Debug\CL.read.1.tlog
D:\work\gap_verification\gap_verification\Debug\CL.write.1.tlog
D:\work\gap_verification\gap_verification\Debug\link-cvtres.read.1.tlog
D:\work\gap_verification\gap_verification\Debug\link-cvtres.write.1.tlog
D:\work\gap_verification\gap_verification\Debug\link-rc.read.1.tlog
D:\work\gap_verification\gap_verification\Debug\link-rc.write.1.tlog
D:\work\gap_verification\gap_verification\Debug\link.command.1.tlog
D:\work\gap_verification\gap_verification\Debug\link.read.1.tlog
D:\work\gap_verification\gap_verification\Debug\link.write.1.tlog
D:\work\gap_verification\gap_verification\Debug\mt.command.1.tlog
D:\work\gap_verification\gap_verification\Debug\mt.read.1.tlog
D:\work\gap_verification\gap_verification\Debug\mt.write.1.tlog
D:\work\gap_verification\gap_verification\Debug\gap_verification.exe.intermediate.manifest
D:\work\gap_verification\gap_verification\Debug\vc100.idb
D:\work\gap_verification\gap_verification\Debug\vc110.idb
D:\work\gap_verification\gap_verification\Debug\vc100.pdb
D:\work\gap_verification\gap_verification\Debug\vc110.pdb
D:\work\gap_verification\Debug\gap_verification.pdb
